<?xml version="1.0" encoding="UTF-8"?>
<testsuite xmlns:xsi="http://www.w3.org/2001/XMLSchema-instance" xsi:schemaLocation="https://maven.apache.org/surefire/maven-surefire-plugin/xsd/surefire-test-report.xsd" name="com.javainuse.MainAppTest" time="7.392" tests="2" errors="0" skipped="0" failures="1">
  <properties>
[...]
</properties>
  <testcase name="testRestTemplateRequest" classname="com.javainuse.MainAppTest" time="0.241">
    <failure message="expected:&lt;[{&quot;ip&quot;: &quot;80.87.30.34&quot;}]&gt; but was:&lt;[janusz]&gt;" type="org.junit.ComparisonFailure"><![CDATA[org.junit.ComparisonFailure: expected:<[{"ip": "80.87.30.34"}]> but was:<[janusz]>
	at com.javainuse.MainAppTest.testRestTemplateRequest(MainAppTest.java:76)
]]></failure>
    <system-out><![CDATA[17:08:52.306 [main] INFO io.specto.hoverfly.junit.core.TempFileManager - Selecting the following binary based on the current operating system: hoverfly_OSX_amd64
17:08:52.313 [main] INFO io.specto.hoverfly.junit.core.TempFileManager - Storing binary in temporary directory /var/folders/_5/m499z8bx15sf_1pgzvqx70gr0000gn/T/hoverfly.2219306989099715617/hoverfly_OSX_amd64
17:08:52.454 [main] INFO io.specto.hoverfly.junit.core.Hoverfly - Executing binary at /var/folders/_5/m499z8bx15sf_1pgzvqx70gr0000gn/T/hoverfly.2219306989099715617/hoverfly_OSX_amd64
17:08:52.465 [main] DEBUG org.zeroturnaround.exec.ProcessExecutor - Executing [/var/folders/_5/m499z8bx15sf_1pgzvqx70gr0000gn/T/hoverfly.2219306989099715617/hoverfly_OSX_amd64, -db, memory, -pp, 63157, -ap, 63158] in /var/folders/_5/m499z8bx15sf_1pgzvqx70gr0000gn/T/hoverfly.2219306989099715617.
17:08:52.480 [main] DEBUG org.zeroturnaround.exec.ProcessExecutor - Started java.lang.UNIXProcess@1189dd52
&amp#27;[34mINFO&amp#27;[0m[2019-08-28T17:08:52+01:00] Default proxy port has been overwritten       &amp#27;[34mport&amp#27;[0m=63157
&amp#27;[34mINFO&amp#27;[0m[2019-08-28T17:08:52+01:00] Default admin port has been overwritten       &amp#27;[34mport&amp#27;[0m=63158
&amp#27;[34mINFO&amp#27;[0m[2019-08-28T17:08:52+01:00] Using memory backend                         
&amp#27;[34mINFO&amp#27;[0m[2019-08-28T17:08:52+01:00] Proxy prepared...                             &amp#27;[34mDestination&amp#27;[0m=. &amp#27;[34mMode&amp#27;[0m=simulate &amp#27;[34mProxyPort&amp#27;[0m=63157
&amp#27;[34mINFO&amp#27;[0m[2019-08-28T17:08:52+01:00] current proxy configuration                   &amp#27;[34mdestination&amp#27;[0m=. &amp#27;[34mmode&amp#27;[0m=simulate &amp#27;[34mport&amp#27;[0m=63157
&amp#27;[34mINFO&amp#27;[0m[2019-08-28T17:08:52+01:00] serving proxy                                
&amp#27;[34mINFO&amp#27;[0m[2019-08-28T17:08:52+01:00] Admin interface is starting...                &amp#27;[34mAdminPort&amp#27;[0m=63158
&amp#27;[34mINFO&amp#27;[0m[2019-08-28T17:08:52+01:00] Mode has been changed                         &amp#27;[34mmode&amp#27;[0m=simulate
17:08:52.609 [main] INFO io.specto.hoverfly.junit.core.ProxyConfigurer - Setting proxy host to localhost
17:08:52.609 [main] INFO io.specto.hoverfly.junit.core.ProxyConfigurer - Setting proxy proxyPort to 63157
17:08:52.609 [main] INFO io.specto.hoverfly.junit.core.Hoverfly - Importing simulation data to Hoverfly
&amp#27;[34mINFO&amp#27;[0m[2019-08-28T17:08:52+01:00] payloads imported                             &amp#27;[34mfailed&amp#27;[0m=0 &amp#27;[34msuccessful&amp#27;[0m=1 &amp#27;[34mtotal&amp#27;[0m=1
The following simulation is imported to Hoverfly: 
{
  "data" : {
    "pairs" : [ {
      "request" : {
        "path" : {
          "exactMatch" : ""
        },
        "method" : {
          "exactMatch" : "GET"
        },
        "destination" : {
          "exactMatch" : "ip.jsontest.com"
        },
        "scheme" : {
          "exactMatch" : "http"
        },
        "query" : {
          "exactMatch" : ""
        },
        "body" : {
          "exactMatch" : ""
        }
      },
      "response" : {
        "status" : 200,
        "body" : "janusz",
        "encodedBody" : false,
        "templated" : false,
        "headers" : {
          "Access-Control-Allow-Origin" : [ "*" ],
          "Content-Length" : [ "22" ],
          "Content-Type" : [ "application/json" ],
          "Date" : [ "Wed, 28 Aug 2019 16:05:41 GMT" ],
          "Hoverfly" : [ "Was-Here" ],
          "Server" : [ "Google Frontend" ],
          "X-Cloud-Trace-Context" : [ "c2d7e3c17c9e5d418009fc4e933b80a5" ]
        }
      }
    } ],
    "globalActions" : {
      "delays" : [ ]
    }
  },
  "meta" : {
    "schemaVersion" : "v3"
  }
}
testRestTemplateRequest
17:08:52.942 [main] DEBUG org.springframework.web.client.RestTemplate - HTTP GET http://ip.jsontest.com
17:08:52.952 [main] DEBUG org.springframework.web.client.RestTemplate - Accept=[text/plain, application/xml, text/xml, application/json, application/*+xml, application/*+json, */*]
17:08:52.960 [main] DEBUG org.springframework.web.client.RestTemplate - Response 200 OK
17:08:52.962 [main] DEBUG org.springframework.web.client.RestTemplate - Reading to [java.lang.String] as "application/json"
]]></system-out>
    <system-err><![CDATA[SLF4J: Class path contains multiple SLF4J bindings.
SLF4J: Found binding in [jar:file:/Users/krzyczak/.m2/repository/ch/qos/logback/logback-classic/1.1.7/logback-classic-1.1.7.jar!/org/slf4j/impl/StaticLoggerBinder.class]
SLF4J: Found binding in [jar:file:/Users/krzyczak/.m2/repository/org/slf4j/slf4j-simple/1.6.4/slf4j-simple-1.6.4.jar!/org/slf4j/impl/StaticLoggerBinder.class]
SLF4J: See http://www.slf4j.org/codes.html#multiple_bindings for an explanation.
SLF4J: Actual binding is of type [ch.qos.logback.classic.util.ContextSelectorStaticBinder]
]]></system-err>
  </testcase>
  <testcase name="testCamelRoutes" classname="com.javainuse.MainAppTest" time="5.716"/>
</testsuite>